This is pdfTeX, Version 3.14159265-2.6-1.40.16 (TeX Live 2015) (preloaded format=pdflatex 2016.5.19)  19 JAN 2019 17:42
entering extended mode
 restricted \write18 enabled.
 %&-line parsing enabled.
**main.tex
(./main.tex
LaTeX2e <2016/03/31>
Babel <3.9q> and hyphenation patterns for 81 language(s) loaded.
(./pittetd.cls
Document Class: pittetd 2004/08/17 v1.618 University of Pittsburgh ETD (Electro
nic Thesis & Dissertations) class
\@etdaux=\write3
\@chapterl=\skip41
\@sectionl=\skip42
\@subsectionl=\skip43
\@subsubsectionl=\skip44
\@singleline=\skip45
\@presubs=\skip46
\@presubsub=\skip47
\@floatl=\skip48
\bibindent=\dimen102
\abovecaptionskip=\skip49
\belowcaptionskip=\skip50
\c@@members=\count79
\c@@addprel=\count80
\c@@appno=\count81
\c@chapter=\count82
\c@section=\count83
\c@subsection=\count84
\c@subsubsection=\count85
\c@paragraph=\count86
\c@subparagraph=\count87
\c@figure=\count88
\c@table=\count89
\@expectedprelim=\toks14
\@committee=\toks15
\@coadv=\toks16
(./pitetd12.clo) (./main.etd)
\subject=\toks17
)
(/usr/local/texlive/2015/texmf-dist/tex/latex/hyperref/hyperref.sty
Package: hyperref 2012/11/06 v6.83m Hypertext links for LaTeX

(/usr/local/texlive/2015/texmf-dist/tex/generic/oberdiek/hobsub-hyperref.sty
Package: hobsub-hyperref 2012/05/28 v1.13 Bundle oberdiek, subset hyperref (HO)


(/usr/local/texlive/2015/texmf-dist/tex/generic/oberdiek/hobsub-generic.sty
Package: hobsub-generic 2012/05/28 v1.13 Bundle oberdiek, subset generic (HO)
Package: hobsub 2012/05/28 v1.13 Construct package bundles (HO)
Package: infwarerr 2010/04/08 v1.3 Providing info/warning/error messages (HO)
Package: ltxcmds 2011/11/09 v1.22 LaTeX kernel commands for general use (HO)
Package: ifluatex 2010/03/01 v1.3 Provides the ifluatex switch (HO)
Package ifluatex Info: LuaTeX not detected.
Package: ifvtex 2010/03/01 v1.5 Detect VTeX and its facilities (HO)
Package ifvtex Info: VTeX not detected.
Package: intcalc 2007/09/27 v1.1 Expandable calculations with integers (HO)
Package: ifpdf 2011/01/30 v2.3 Provides the ifpdf switch (HO)
Package ifpdf Info: pdfTeX in PDF mode is detected.
Package: etexcmds 2011/02/16 v1.5 Avoid name clashes with e-TeX commands (HO)
Package etexcmds Info: Could not find \expanded.
(etexcmds)             That can mean that you are not using pdfTeX 1.50 or
(etexcmds)             that some package has redefined \expanded.
(etexcmds)             In the latter case, load this package earlier.
Package: kvsetkeys 2012/04/25 v1.16 Key value parser (HO)
Package: kvdefinekeys 2011/04/07 v1.3 Define keys (HO)
Package: pdftexcmds 2011/11/29 v0.20 Utility functions of pdfTeX for LuaTeX (HO
)
Package pdftexcmds Info: LuaTeX not detected.
Package pdftexcmds Info: \pdf@primitive is available.
Package pdftexcmds Info: \pdf@ifprimitive is available.
Package pdftexcmds Info: \pdfdraftmode found.
Package: pdfescape 2011/11/25 v1.13 Implements pdfTeX's escape features (HO)
Package: bigintcalc 2012/04/08 v1.3 Expandable calculations on big integers (HO
)
Package: bitset 2011/01/30 v1.1 Handle bit-vector datatype (HO)
Package: uniquecounter 2011/01/30 v1.2 Provide unlimited unique counter (HO)
)
Package hobsub Info: Skipping package `hobsub' (already loaded).
Package: letltxmacro 2010/09/02 v1.4 Let assignment for LaTeX macros (HO)
Package: hopatch 2012/05/28 v1.2 Wrapper for package hooks (HO)
Package: xcolor-patch 2011/01/30 xcolor patch
Package: atveryend 2011/06/30 v1.8 Hooks at the very end of document (HO)
Package atveryend Info: \enddocument detected (standard20110627).
Package: atbegshi 2011/10/05 v1.16 At begin shipout hook (HO)
Package: refcount 2011/10/16 v3.4 Data extraction from label references (HO)
Package: hycolor 2011/01/30 v1.7 Color options for hyperref/bookmark (HO)
)
(/usr/local/texlive/2015/texmf-dist/tex/latex/graphics/keyval.sty
Package: keyval 2014/10/28 v1.15 key=value parser (DPC)
\KV@toks@=\toks18
)
(/usr/local/texlive/2015/texmf-dist/tex/generic/ifxetex/ifxetex.sty
Package: ifxetex 2010/09/12 v0.6 Provides ifxetex conditional
)
(/usr/local/texlive/2015/texmf-dist/tex/latex/oberdiek/auxhook.sty
Package: auxhook 2011/03/04 v1.3 Hooks for auxiliary files (HO)
)
(/usr/local/texlive/2015/texmf-dist/tex/latex/oberdiek/kvoptions.sty
Package: kvoptions 2011/06/30 v3.11 Key value format for package options (HO)
)
\@linkdim=\dimen103
\Hy@linkcounter=\count90
\Hy@pagecounter=\count91

(/usr/local/texlive/2015/texmf-dist/tex/latex/hyperref/pd1enc.def
File: pd1enc.def 2012/11/06 v6.83m Hyperref: PDFDocEncoding definition (HO)
)
\Hy@SavedSpaceFactor=\count92

(/usr/local/texlive/2015/texmf-dist/tex/latex/latexconfig/hyperref.cfg
File: hyperref.cfg 2002/06/06 v1.2 hyperref configuration of TeXLive
)
Package hyperref Info: Option `bookmarks' set `true' on input line 4319.
Package hyperref Info: Option `hyperindex' set `false' on input line 4319.
Package hyperref Info: Hyper figures OFF on input line 4443.
Package hyperref Info: Link nesting OFF on input line 4448.
Package hyperref Info: Hyper index OFF on input line 4453.
Package hyperref Info: Plain pages OFF on input line 4458.
Package hyperref Info: Backreferencing OFF on input line 4463.
Package hyperref Info: Implicit mode ON; LaTeX internals redefined.
Package hyperref Info: Bookmarks ON on input line 4688.
\c@Hy@tempcnt=\count93

(/usr/local/texlive/2015/texmf-dist/tex/latex/url/url.sty
\Urlmuskip=\muskip10
Package: url 2013/09/16  ver 3.4  Verb mode for urls, etc.
)
LaTeX Info: Redefining \url on input line 5041.
\XeTeXLinkMargin=\dimen104
\Fld@menulength=\count94
\Field@Width=\dimen105
\Fld@charsize=\dimen106
Package hyperref Info: Hyper figures OFF on input line 6295.
Package hyperref Info: Link nesting OFF on input line 6300.
Package hyperref Info: Hyper index OFF on input line 6305.
Package hyperref Info: backreferencing OFF on input line 6310.
Package hyperref Info: Link coloring OFF on input line 6315.
Package hyperref Info: Link coloring with OCG OFF on input line 6320.
Package hyperref Info: PDF/A mode OFF on input line 6325.
LaTeX Info: Redefining \ref on input line 6365.
LaTeX Info: Redefining \pageref on input line 6369.
\Hy@abspage=\count95
\c@Item=\count96
\c@Hfootnote=\count97
)

Package hyperref Message: Driver (autodetected): hpdftex.

(/usr/local/texlive/2015/texmf-dist/tex/latex/hyperref/hpdftex.def
File: hpdftex.def 2012/11/06 v6.83m Hyperref driver for pdfTeX
\Fld@listcount=\count98
\c@bookmark@seq@number=\count99

(/usr/local/texlive/2015/texmf-dist/tex/latex/oberdiek/rerunfilecheck.sty
Package: rerunfilecheck 2011/04/15 v1.7 Rerun checks for auxiliary files (HO)
Package uniquecounter Info: New unique counter `rerunfilecheck' on input line 2
82.
)
\Hy@SectionHShift=\skip51
)
(/usr/local/texlive/2015/texmf-dist/tex/latex/graphics/graphicx.sty
Package: graphicx 2014/10/28 v1.0g Enhanced LaTeX Graphics (DPC,SPQR)

(/usr/local/texlive/2015/texmf-dist/tex/latex/graphics/graphics.sty
Package: graphics 2016/01/03 v1.0q Standard LaTeX Graphics (DPC,SPQR)

(/usr/local/texlive/2015/texmf-dist/tex/latex/graphics/trig.sty
Package: trig 2016/01/03 v1.10 sin cos tan (DPC)
)
(/usr/local/texlive/2015/texmf-dist/tex/latex/latexconfig/graphics.cfg
File: graphics.cfg 2010/04/23 v1.9 graphics configuration of TeX Live
)
Package graphics Info: Driver file: pdftex.def on input line 95.

(/usr/local/texlive/2015/texmf-dist/tex/latex/pdftex-def/pdftex.def
File: pdftex.def 2011/05/27 v0.06d Graphics/color for pdfTeX
\Gread@gobject=\count100
))
\Gin@req@height=\dimen107
\Gin@req@width=\dimen108
)
Class pittetd Info: No patch found for graphicx on input line 18.

(/usr/local/texlive/2015/texmf-dist/tex/latex/amsmath/amsmath.sty
Package: amsmath 2016/03/10 v2.15b AMS math features
\@mathmargin=\skip52

For additional information on amsmath, use the `?' option.
(/usr/local/texlive/2015/texmf-dist/tex/latex/amsmath/amstext.sty
Package: amstext 2000/06/29 v2.01 AMS text

(/usr/local/texlive/2015/texmf-dist/tex/latex/amsmath/amsgen.sty
File: amsgen.sty 1999/11/30 v2.0 generic functions
\@emptytoks=\toks19
\ex@=\dimen109
))
(/usr/local/texlive/2015/texmf-dist/tex/latex/amsmath/amsbsy.sty
Package: amsbsy 1999/11/29 v1.2d Bold Symbols
\pmbraise@=\dimen110
)
(/usr/local/texlive/2015/texmf-dist/tex/latex/amsmath/amsopn.sty
Package: amsopn 2016/03/08 v2.02 operator names
)
\inf@bad=\count101
LaTeX Info: Redefining \frac on input line 199.
\uproot@=\count102
\leftroot@=\count103
LaTeX Info: Redefining \overline on input line 297.
\classnum@=\count104
\DOTSCASE@=\count105
LaTeX Info: Redefining \ldots on input line 394.
LaTeX Info: Redefining \dots on input line 397.
LaTeX Info: Redefining \cdots on input line 518.
\Mathstrutbox@=\box26
\strutbox@=\box27
\big@size=\dimen111
LaTeX Font Info:    Redeclaring font encoding OML on input line 634.
LaTeX Font Info:    Redeclaring font encoding OMS on input line 635.
\macc@depth=\count106
\c@MaxMatrixCols=\count107
\dotsspace@=\muskip11
\c@parentequation=\count108
\dspbrk@lvl=\count109
\tag@help=\toks20
\row@=\count110
\column@=\count111
\maxfields@=\count112
\andhelp@=\toks21
\eqnshift@=\dimen112
\alignsep@=\dimen113
\tagshift@=\dimen114
\tagwidth@=\dimen115
\totwidth@=\dimen116
\lineht@=\dimen117
\@envbody=\toks22
\multlinegap=\skip53
\multlinetaggap=\skip54
\mathdisplay@stack=\toks23
LaTeX Info: Redefining \[ on input line 2739.
LaTeX Info: Redefining \] on input line 2740.
)
(/usr/local/texlive/2015/texmf-dist/tex/latex/amscls/amsthm.sty
Package: amsthm 2015/03/04 v2.20.2
\thm@style=\toks24
\thm@bodyfont=\toks25
\thm@headfont=\toks26
\thm@notefont=\toks27
\thm@headpunct=\toks28
\thm@preskip=\skip55
\thm@postskip=\skip56
\thm@headsep=\skip57
\dth@everypar=\toks29
)
Class pittetd Info: No patch found for amsmatch on input line 22.
Class pittetd Info: No patch found for amsthm on input line 23.

(/usr/local/texlive/2015/texmf-dist/tex/latex/oberdiek/hypcap.sty
Package: hypcap 2011/02/16 v1.11 Adjusting the anchors of captions (HO)
)

LaTeX Warning: Unused global option(s):
    [pdflatex].

(./main.aux)
\openout1 = `main.aux'.

LaTeX Font Info:    Checking defaults for OML/cmm/m/it on input line 43.
LaTeX Font Info:    ... okay on input line 43.
LaTeX Font Info:    Checking defaults for T1/cmr/m/n on input line 43.
LaTeX Font Info:    ... okay on input line 43.
LaTeX Font Info:    Checking defaults for OT1/cmr/m/n on input line 43.
LaTeX Font Info:    ... okay on input line 43.
LaTeX Font Info:    Checking defaults for OMS/cmsy/m/n on input line 43.
LaTeX Font Info:    ... okay on input line 43.
LaTeX Font Info:    Checking defaults for OMX/cmex/m/n on input line 43.
LaTeX Font Info:    ... okay on input line 43.
LaTeX Font Info:    Checking defaults for U/cmr/m/n on input line 43.
LaTeX Font Info:    ... okay on input line 43.
LaTeX Font Info:    Checking defaults for PD1/pdf/m/n on input line 43.
LaTeX Font Info:    ... okay on input line 43.


Package hyperref Warning: Option `letterpaper' is no longer used.

Package hyperref Info: Option `bookmarksnumbered' set `true' on input line 43.
Package hyperref Info: Option `colorlinks' set `true' on input line 43.
Package hyperref Info: Option `bookmarksopen' set `true' on input line 43.
\AtBeginShipoutBox=\box28
(/usr/local/texlive/2015/texmf-dist/tex/latex/graphics/color.sty
Package: color 2016/01/03 v1.1b Standard LaTeX Color (DPC)

(/usr/local/texlive/2015/texmf-dist/tex/latex/latexconfig/color.cfg
File: color.cfg 2007/01/18 v1.5 color configuration of teTeX/TeXLive
)
Package color Info: Driver file: pdftex.def on input line 143.
)
Package hyperref Info: Link coloring ON on input line 43.

(/usr/local/texlive/2015/texmf-dist/tex/latex/hyperref/nameref.sty
Package: nameref 2012/10/27 v2.43 Cross-referencing by name of section

(/usr/local/texlive/2015/texmf-dist/tex/generic/oberdiek/gettitlestring.sty
Package: gettitlestring 2010/12/03 v1.4 Cleanup title references (HO)
)
\c@section@level=\count113
)
LaTeX Info: Redefining \ref on input line 43.
LaTeX Info: Redefining \pageref on input line 43.
LaTeX Info: Redefining \nameref on input line 43.

(./main.out (./main.lot) (./main.lof

Package hyperref Warning: Token not allowed in a PDF string (PDFDocEncoding):
(hyperref)                removing `math shift' on input line 2.


Package hyperref Warning: Token not allowed in a PDF string (PDFDocEncoding):
(hyperref)                removing `\approx' on input line 2.


Package hyperref Warning: Token not allowed in a PDF string (PDFDocEncoding):
(hyperref)                removing `math shift' on input line 2.


Package hyperref Warning: Token not allowed in a PDF string (PDFDocEncoding):
(hyperref)                removing `\@ifnextchar' on input line 2.


Package hyperref Warning: Token not allowed in a PDF string (PDFDocEncoding):
(hyperref)                removing `math shift' on input line 3.


Package hyperref Warning: Token not allowed in a PDF string (PDFDocEncoding):
(hyperref)                removing `\approx' on input line 3.


Package hyperref Warning: Token not allowed in a PDF string (PDFDocEncoding):
(hyperref)                removing `math shift' on input line 3.


Package hyperref Warning: Token not allowed in a PDF string (PDFDocEncoding):
(hyperref)                removing `math shift' on input line 3.


Package hyperref Warning: Token not allowed in a PDF string (PDFDocEncoding):
(hyperref)                removing `superscript' on input line 3.


Package hyperref Warning: Token not allowed in a PDF string (PDFDocEncoding):
(hyperref)                removing `\circ' on input line 3.


Package hyperref Warning: Token not allowed in a PDF string (PDFDocEncoding):
(hyperref)                removing `math shift' on input line 3.


Package hyperref Warning: Token not allowed in a PDF string (PDFDocEncoding):
(hyperref)                removing `math shift' on input line 5.


Package hyperref Warning: Token not allowed in a PDF string (PDFDocEncoding):
(hyperref)                removing `math shift' on input line 5.


Package hyperref Warning: Token not allowed in a PDF string (PDFDocEncoding):
(hyperref)                removing `math shift' on input line 6.


Package hyperref Warning: Token not allowed in a PDF string (PDFDocEncoding):
(hyperref)                removing `\mu' on input line 6.


Package hyperref Warning: Token not allowed in a PDF string (PDFDocEncoding):
(hyperref)                removing `math shift' on input line 6.


Package hyperref Warning: Token not allowed in a PDF string (PDFDocEncoding):
(hyperref)                removing `math shift' on input line 6.


Package hyperref Warning: Token not allowed in a PDF string (PDFDocEncoding):
(hyperref)                removing `superscript' on input line 6.


Package hyperref Warning: Token not allowed in a PDF string (PDFDocEncoding):
(hyperref)                removing `\circ' on input line 6.


Package hyperref Warning: Token not allowed in a PDF string (PDFDocEncoding):
(hyperref)                removing `math shift' on input line 6.


Package hyperref Warning: Token not allowed in a PDF string (PDFDocEncoding):
(hyperref)                removing `math shift' on input line 7.


Package hyperref Warning: Token not allowed in a PDF string (PDFDocEncoding):
(hyperref)                removing `\mu' on input line 7.


Package hyperref Warning: Token not allowed in a PDF string (PDFDocEncoding):
(hyperref)                removing `math shift' on input line 7.


Package hyperref Warning: Token not allowed in a PDF string (PDFDocEncoding):
(hyperref)                removing `math shift' on input line 7.


Package hyperref Warning: Token not allowed in a PDF string (PDFDocEncoding):
(hyperref)                removing `superscript' on input line 7.


Package hyperref Warning: Token not allowed in a PDF string (PDFDocEncoding):
(hyperref)                removing `\circ' on input line 7.


Package hyperref Warning: Token not allowed in a PDF string (PDFDocEncoding):
(hyperref)                removing `math shift' on input line 7.


Package hyperref Warning: Token not allowed in a PDF string (PDFDocEncoding):
(hyperref)                removing `math shift' on input line 7.


Package hyperref Warning: Token not allowed in a PDF string (PDFDocEncoding):
(hyperref)                removing `\mu' on input line 7.


Package hyperref Warning: Token not allowed in a PDF string (PDFDocEncoding):
(hyperref)                removing `math shift' on input line 7.


Package hyperref Warning: Token not allowed in a PDF string (PDFDocEncoding):
(hyperref)                removing `math shift' on input line 11.


Package hyperref Warning: Token not allowed in a PDF string (PDFDocEncoding):
(hyperref)                removing `\lambda' on input line 11.


Package hyperref Warning: Token not allowed in a PDF string (PDFDocEncoding):
(hyperref)                removing `math shift' on input line 11.


Package hyperref Warning: Token not allowed in a PDF string (PDFDocEncoding):
(hyperref)                removing `math shift' on input line 13.


Package hyperref Warning: Token not allowed in a PDF string (PDFDocEncoding):
(hyperref)                removing `superscript' on input line 13.


Package hyperref Warning: Token not allowed in a PDF string (PDFDocEncoding):
(hyperref)                removing `math shift' on input line 13.


Package hyperref Warning: Token not allowed in a PDF string (PDFDocEncoding):
(hyperref)                removing `math shift' on input line 13.


Package hyperref Warning: Token not allowed in a PDF string (PDFDocEncoding):
(hyperref)                removing `superscript' on input line 13.


Package hyperref Warning: Token not allowed in a PDF string (PDFDocEncoding):
(hyperref)                removing `math shift' on input line 13.


Package hyperref Warning: Token not allowed in a PDF string (PDFDocEncoding):
(hyperref)                removing `math shift' on input line 13.


Package hyperref Warning: Token not allowed in a PDF string (PDFDocEncoding):
(hyperref)                removing `superscript' on input line 13.


Package hyperref Warning: Token not allowed in a PDF string (PDFDocEncoding):
(hyperref)                removing `\circ' on input line 13.


Package hyperref Warning: Token not allowed in a PDF string (PDFDocEncoding):
(hyperref)                removing `math shift' on input line 13.


Package hyperref Warning: Token not allowed in a PDF string (PDFDocEncoding):
(hyperref)                removing `math shift' on input line 23.


Package hyperref Warning: Token not allowed in a PDF string (PDFDocEncoding):
(hyperref)                removing `\times' on input line 23.


Package hyperref Warning: Token not allowed in a PDF string (PDFDocEncoding):
(hyperref)                removing `math shift' on input line 23.


Package hyperref Warning: Token not allowed in a PDF string (PDFDocEncoding):
(hyperref)                removing `math shift' on input line 23.


Package hyperref Warning: Token not allowed in a PDF string (PDFDocEncoding):
(hyperref)                removing `\mu' on input line 23.


Package hyperref Warning: Token not allowed in a PDF string (PDFDocEncoding):
(hyperref)                removing `math shift' on input line 23.

)) (./main.out (./main.lot) (./main.lof

Package hyperref Warning: Token not allowed in a PDF string (PDFDocEncoding):
(hyperref)                removing `math shift' on input line 2.


Package hyperref Warning: Token not allowed in a PDF string (PDFDocEncoding):
(hyperref)                removing `\approx' on input line 2.


Package hyperref Warning: Token not allowed in a PDF string (PDFDocEncoding):
(hyperref)                removing `math shift' on input line 2.


Package hyperref Warning: Token not allowed in a PDF string (PDFDocEncoding):
(hyperref)                removing `\@ifnextchar' on input line 2.


Package hyperref Warning: Token not allowed in a PDF string (PDFDocEncoding):
(hyperref)                removing `math shift' on input line 3.


Package hyperref Warning: Token not allowed in a PDF string (PDFDocEncoding):
(hyperref)                removing `\approx' on input line 3.


Package hyperref Warning: Token not allowed in a PDF string (PDFDocEncoding):
(hyperref)                removing `math shift' on input line 3.


Package hyperref Warning: Token not allowed in a PDF string (PDFDocEncoding):
(hyperref)                removing `math shift' on input line 3.


Package hyperref Warning: Token not allowed in a PDF string (PDFDocEncoding):
(hyperref)                removing `superscript' on input line 3.


Package hyperref Warning: Token not allowed in a PDF string (PDFDocEncoding):
(hyperref)                removing `\circ' on input line 3.


Package hyperref Warning: Token not allowed in a PDF string (PDFDocEncoding):
(hyperref)                removing `math shift' on input line 3.


Package hyperref Warning: Token not allowed in a PDF string (PDFDocEncoding):
(hyperref)                removing `math shift' on input line 5.


Package hyperref Warning: Token not allowed in a PDF string (PDFDocEncoding):
(hyperref)                removing `math shift' on input line 5.


Package hyperref Warning: Token not allowed in a PDF string (PDFDocEncoding):
(hyperref)                removing `math shift' on input line 6.


Package hyperref Warning: Token not allowed in a PDF string (PDFDocEncoding):
(hyperref)                removing `\mu' on input line 6.


Package hyperref Warning: Token not allowed in a PDF string (PDFDocEncoding):
(hyperref)                removing `math shift' on input line 6.


Package hyperref Warning: Token not allowed in a PDF string (PDFDocEncoding):
(hyperref)                removing `math shift' on input line 6.


Package hyperref Warning: Token not allowed in a PDF string (PDFDocEncoding):
(hyperref)                removing `superscript' on input line 6.


Package hyperref Warning: Token not allowed in a PDF string (PDFDocEncoding):
(hyperref)                removing `\circ' on input line 6.


Package hyperref Warning: Token not allowed in a PDF string (PDFDocEncoding):
(hyperref)                removing `math shift' on input line 6.


Package hyperref Warning: Token not allowed in a PDF string (PDFDocEncoding):
(hyperref)                removing `math shift' on input line 7.


Package hyperref Warning: Token not allowed in a PDF string (PDFDocEncoding):
(hyperref)                removing `\mu' on input line 7.


Package hyperref Warning: Token not allowed in a PDF string (PDFDocEncoding):
(hyperref)                removing `math shift' on input line 7.


Package hyperref Warning: Token not allowed in a PDF string (PDFDocEncoding):
(hyperref)                removing `math shift' on input line 7.


Package hyperref Warning: Token not allowed in a PDF string (PDFDocEncoding):
(hyperref)                removing `superscript' on input line 7.


Package hyperref Warning: Token not allowed in a PDF string (PDFDocEncoding):
(hyperref)                removing `\circ' on input line 7.


Package hyperref Warning: Token not allowed in a PDF string (PDFDocEncoding):
(hyperref)                removing `math shift' on input line 7.


Package hyperref Warning: Token not allowed in a PDF string (PDFDocEncoding):
(hyperref)                removing `math shift' on input line 7.


Package hyperref Warning: Token not allowed in a PDF string (PDFDocEncoding):
(hyperref)                removing `\mu' on input line 7.


Package hyperref Warning: Token not allowed in a PDF string (PDFDocEncoding):
(hyperref)                removing `math shift' on input line 7.


Package hyperref Warning: Token not allowed in a PDF string (PDFDocEncoding):
(hyperref)                removing `math shift' on input line 11.


Package hyperref Warning: Token not allowed in a PDF string (PDFDocEncoding):
(hyperref)                removing `\lambda' on input line 11.


Package hyperref Warning: Token not allowed in a PDF string (PDFDocEncoding):
(hyperref)                removing `math shift' on input line 11.


Package hyperref Warning: Token not allowed in a PDF string (PDFDocEncoding):
(hyperref)                removing `math shift' on input line 13.


Package hyperref Warning: Token not allowed in a PDF string (PDFDocEncoding):
(hyperref)                removing `superscript' on input line 13.


Package hyperref Warning: Token not allowed in a PDF string (PDFDocEncoding):
(hyperref)                removing `math shift' on input line 13.


Package hyperref Warning: Token not allowed in a PDF string (PDFDocEncoding):
(hyperref)                removing `math shift' on input line 13.


Package hyperref Warning: Token not allowed in a PDF string (PDFDocEncoding):
(hyperref)                removing `superscript' on input line 13.


Package hyperref Warning: Token not allowed in a PDF string (PDFDocEncoding):
(hyperref)                removing `math shift' on input line 13.


Package hyperref Warning: Token not allowed in a PDF string (PDFDocEncoding):
(hyperref)                removing `math shift' on input line 13.


Package hyperref Warning: Token not allowed in a PDF string (PDFDocEncoding):
(hyperref)                removing `superscript' on input line 13.


Package hyperref Warning: Token not allowed in a PDF string (PDFDocEncoding):
(hyperref)                removing `\circ' on input line 13.


Package hyperref Warning: Token not allowed in a PDF string (PDFDocEncoding):
(hyperref)                removing `math shift' on input line 13.


Package hyperref Warning: Token not allowed in a PDF string (PDFDocEncoding):
(hyperref)                removing `math shift' on input line 23.


Package hyperref Warning: Token not allowed in a PDF string (PDFDocEncoding):
(hyperref)                removing `\times' on input line 23.


Package hyperref Warning: Token not allowed in a PDF string (PDFDocEncoding):
(hyperref)                removing `math shift' on input line 23.


Package hyperref Warning: Token not allowed in a PDF string (PDFDocEncoding):
(hyperref)                removing `math shift' on input line 23.


Package hyperref Warning: Token not allowed in a PDF string (PDFDocEncoding):
(hyperref)                removing `\mu' on input line 23.


Package hyperref Warning: Token not allowed in a PDF string (PDFDocEncoding):
(hyperref)                removing `math shift' on input line 23.

))
\@outlinefile=\write4
\openout4 = `main.out'.

 (/usr/local/texlive/2015/texmf-dist/tex/context/base/supp-pdf.mkii
[Loading MPS to PDF converter (version 2006.09.02).]
\scratchcounter=\count114
\scratchdimen=\dimen118
\scratchbox=\box29
\nofMPsegments=\count115
\nofMParguments=\count116
\everyMPshowfont=\toks30
\MPscratchCnt=\count117
\MPscratchDim=\dimen119
\MPnumerator=\count118
\makeMPintoPDFobject=\count119
\everyMPtoPDFconversion=\toks31
) (/usr/local/texlive/2015/texmf-dist/tex/latex/oberdiek/epstopdf-base.sty
Package: epstopdf-base 2010/02/09 v2.5 Base part for package epstopdf

(/usr/local/texlive/2015/texmf-dist/tex/latex/oberdiek/grfext.sty
Package: grfext 2010/08/19 v1.1 Manage graphics extensions (HO)
)
Package grfext Info: Graphics extension search list:
(grfext)             [.png,.pdf,.jpg,.mps,.jpeg,.jbig2,.jb2,.PNG,.PDF,.JPG,.JPE
G,.JBIG2,.JB2,.eps]
(grfext)             \AppendGraphicsExtensions on input line 452.

(/usr/local/texlive/2015/texmf-dist/tex/latex/latexconfig/epstopdf-sys.cfg
File: epstopdf-sys.cfg 2010/07/13 v1.3 Configuration of (r)epstopdf for TeX Liv
e
))

Class pittetd Warning: I assumed `2019' for the year. You can use \year to chan
ge it.

[1{/usr/local/texlive/2015/texmf-var/fonts/map/pdftex/updmap/pdftex.map}]
[2

]
LaTeX Font Info:    Try loading font information for OMS+cmr on input line 61.
 (/usr/local/texlive/2015/texmf-dist/tex/latex/base/omscmr.fd
File: omscmr.fd 2014/09/29 v2.5h Standard LaTeX font definitions
)
LaTeX Font Info:    Font shape `OMS/cmr/m/n' in size <12> not available
(Font)              Font shape `OMS/cmsy/m/n' tried instead on input line 61.
 [3

]
Abstract
[4

]
Table of Contents
(./main.toc [5

] [6])
\tf@toc=\write5
\openout5 = `main.toc'.

 [7]
List of Tables
(./main.lot)
\tf@lot=\write6
\openout6 = `main.lot'.

 [8

]
List of Figures
(./main.lof

LaTeX Warning: Command \r invalid in math mode on input line 2.


LaTeX Warning: Citation `podkaminer2016real' on page ix undefined on input line
 2.

[9

]
Underfull \vbox (badness 10000) has occurred while \output is active []

 [10]
Underfull \vbox (badness 10000) has occurred while \output is active []

 [11]
Underfull \vbox (badness 6808) has occurred while \output is active []

 [12]
Underfull \vbox (badness 10000) has occurred while \output is active []

 [13])
\tf@lof=\write7
\openout7 = `main.lof'.


[14] [15]
Preface
[16

]
Chapter I.
[1


]
Chapter II.

Underfull \vbox (badness 7186) has occurred while \output is active []

 [2

]
<Drawing/PLD.pdf, id=815, 711.3245pt x 518.60449pt>
File: Drawing/PLD.pdf Graphic file (type pdf)
 <use Drawing/PLD.pdf>
Package pdftex.def Info: Drawing/PLD.pdf used on input line 119.
(pdftex.def)             Requested size: 469.75499pt x 342.48575pt.


Class pittetd Warning: The caption of Figure 1 is longer than one line on input
 line 120.

<Drawing/PLD_RHEED.pdf, id=818, 250.26799pt x 373.06075pt>
File: Drawing/PLD_RHEED.pdf Graphic file (type pdf)

<use Drawing/PLD_RHEED.pdf>
Package pdftex.def Info: Drawing/PLD_RHEED.pdf used on input line 128.
(pdftex.def)             Requested size: 328.82706pt x 490.19319pt.


LaTeX Warning: Command \r invalid in math mode on input line 129.


LaTeX Warning: Citation `podkaminer2016real' on page 3 undefined on input line 
129.


Class pittetd Warning: The caption of Figure 2 is longer than one line on input
 line 129.


LaTeX Warning: Command \r invalid in math mode on input line 129.


LaTeX Warning: Citation `podkaminer2016real' on page 3 undefined on input line 
129.

[3] [4 <./Drawing/PLD.pdf>] [5 <./Drawing/PLD_RHEED.pdf>]
<Drawing/CVD.pdf, id=970, 680.5425pt x 448.342pt>
File: Drawing/CVD.pdf Graphic file (type pdf)
 <use Drawing/CVD.pdf>
Package pdftex.def Info: Drawing/CVD.pdf used on input line 152.
(pdftex.def)             Requested size: 422.77661pt x 278.52328pt.


Class pittetd Warning: The caption of Figure 3 is longer than one line on input
 line 153.


LaTeX Warning: `!h' float specifier changed to `!ht'.


LaTeX Warning: Citation `Bae2010' on page 6 undefined on input line 159.


LaTeX Warning: Citation `eres2014cooperative' on page 6 undefined on input line
 159.


LaTeX Warning: Citation `Bae2010' on page 6 undefined on input line 159.


LaTeX Warning: Citation `dhingra2014chemical' on page 6 undefined on input line
 159.


Underfull \vbox (badness 10000) has occurred while \output is active []

 [6]
Underfull \vbox (badness 10000) has occurred while \output is active []

 [7 <./Drawing/CVD.pdf>] <Drawing/DTM.pdf, id=1038, 952.98534pt x 422.26659pt>
File: Drawing/DTM.pdf Graphic file (type pdf)

<use Drawing/DTM.pdf>
Package pdftex.def Info: Drawing/DTM.pdf used on input line 165.
(pdftex.def)             Requested size: 469.75499pt x 208.14954pt.


Class pittetd Warning: The caption of Figure 4 is longer than one line on input
 line 166.

[8 <./Drawing/DTM.pdf>]
<Drawing/DiamondTool.pdf, id=1070, 974.4104pt x 444.1875pt>
File: Drawing/DiamondTool.pdf Graphic file (type pdf)

<use Drawing/DiamondTool.pdf>
Package pdftex.def Info: Drawing/DiamondTool.pdf used on input line 174.
(pdftex.def)             Requested size: 469.75499pt x 214.13612pt.


Class pittetd Warning: The caption of Figure 5 is longer than one line on input
 line 175.

<Drawing/DTMCopper.pdf, id=1071, 825.0825pt x 391.4625pt>
File: Drawing/DTMCopper.pdf Graphic file (type pdf)

<use Drawing/DTMCopper.pdf>
Package pdftex.def Info: Drawing/DTMCopper.pdf used on input line 181.
(pdftex.def)             Requested size: 469.75499pt x 222.87909pt.


Class pittetd Warning: The caption of Figure 6 is longer than one line on input
 line 182.


LaTeX Warning: `!h' float specifier changed to `!ht'.


LaTeX Warning: Citation `kim2012direct' on page 9 undefined on input line 186.


LaTeX Warning: Citation `wang2012controllable' on page 9 undefined on input lin
e 186.


LaTeX Warning: Citation `wofford2010graphene' on page 9 undefined on input line
 186.

<Drawing/CopperProcessing.pdf, id=1072, 908.39375pt x 675.52374pt>
File: Drawing/CopperProcessing.pdf Graphic file (type pdf)

<use Drawing/CopperProcessing.pdf>
Package pdftex.def Info: Drawing/CopperProcessing.pdf used on input line 190.
(pdftex.def)             Requested size: 469.75499pt x 349.33653pt.


Class pittetd Warning: The caption of Figure 7 is longer than one line on input
 line 191.

[9 <./Drawing/DiamondTool.pdf>]
Underfull \vbox (badness 10000) has occurred while \output is active []

 [10 <./Drawing/DTMCopper.pdf>] [11 <./Drawing/CopperProcessing.pdf>]

LaTeX Warning: Citation `vlassiouk2013large' on page 12 undefined on input line
 199.


LaTeX Warning: Citation `vlassiouk2013large' on page 12 undefined on input line
 199.


LaTeX Warning: Citation `dhingra2015quadratic' on page 12 undefined on input li
ne 199.


LaTeX Warning: Citation `dhingra2015quadratic' on page 12 undefined on input li
ne 199.

<Drawing/CVDGraphene.pdf, id=1263, 501.875pt x 915.48923pt>
File: Drawing/CVDGraphene.pdf Graphic file (type pdf)

<use Drawing/CVDGraphene.pdf>
Package pdftex.def Info: Drawing/CVDGraphene.pdf used on input line 212.
(pdftex.def)             Requested size: 281.85585pt x 514.16518pt.


Class pittetd Warning: The caption of Figure 8 is longer than one line on input
 line 213.


LaTeX Warning: Float too large for page by 15.98518pt on input line 215.

[12] [13 <./Drawing/CVDGraphene.pdf>] [14] [15]
<Drawing/MASK.png, id=1317, 413.3844pt x 368.0952pt>
File: Drawing/MASK.png Graphic file (type png)
 <use Drawing/MASK.png>
Package pdftex.def Info: Drawing/MASK.png used on input line 281.
(pdftex.def)             Requested size: 234.87749pt x 209.14804pt.


Class pittetd Warning: The caption of Figure 9 is longer than one line on input
 line 282.


LaTeX Warning: `!h' float specifier changed to `!ht'.

<Drawing/Suss.pdf, id=1318, 587.528pt x 508.90125pt>
File: Drawing/Suss.pdf Graphic file (type pdf)
 <use Drawing/Suss.pdf>
Package pdftex.def Info: Drawing/Suss.pdf used on input line 288.
(pdftex.def)             Requested size: 469.75499pt x 406.90413pt.


Class pittetd Warning: The caption of Figure 10 is longer than one line on inpu
t line 289.

[16] <Drawing/Heidelberg.pdf, id=1324, 510.23926pt x 537.00626pt>
File: Drawing/Heidelberg.pdf Graphic file (type pdf)

<use Drawing/Heidelberg.pdf>
Package pdftex.def Info: Drawing/Heidelberg.pdf used on input line 297.
(pdftex.def)             Requested size: 469.75499pt x 494.4123pt.


Class pittetd Warning: The caption of Figure 11 is longer than one line on inpu
t line 298.


LaTeX Warning: Float too large for page by 20.31561pt on input line 300.


Underfull \vbox (badness 10000) has occurred while \output is active []

 [17 <./Drawing/MASK.png (PNG copy)>] [18 <./Drawing/Suss.pdf>] [19 <./Drawing/
Heidelberg.pdf>] <Drawing/Developed.png, id=1520, 407.121pt x 380.1402pt>
File: Drawing/Developed.png Graphic file (type png)

<use Drawing/Developed.png>
Package pdftex.def Info: Drawing/Developed.png used on input line 310.
(pdftex.def)             Requested size: 234.87749pt x 219.31557pt.


Class pittetd Warning: The caption of Figure 12 is longer than one line on inpu
t line 311.


LaTeX Warning: `!h' float specifier changed to `!ht'.

[20 <./Drawing/Developed.png (PNG copy)>] [21]
<Drawing/IonMill.pdf, id=1533, 471.093pt x 354.658pt>
File: Drawing/IonMill.pdf Graphic file (type pdf)

<use Drawing/IonMill.pdf>
Package pdftex.def Info: Drawing/IonMill.pdf used on input line 361.
(pdftex.def)             Requested size: 469.75499pt x 353.6722pt.


Class pittetd Warning: The caption of Figure 13 is longer than one line on inpu
t line 362.


Underfull \vbox (badness 10000) has occurred while \output is active []

 [22]
[23 <./Drawing/IonMill.pdf>]
<Drawing/Ebeam.pdf, id=1569, 603.25375pt x 594.22pt>
File: Drawing/Ebeam.pdf Graphic file (type pdf)
 <use Drawing/Ebeam.pdf>
Package pdftex.def Info: Drawing/Ebeam.pdf used on input line 376.
(pdftex.def)             Requested size: 469.75499pt x 462.71904pt.


Class pittetd Warning: The caption of Figure 14 is longer than one line on inpu
t line 377.

[24] [25 <./Drawing/Ebeam.pdf>] [26]
<Drawing/AFM.pdf, id=1651, 632.3625pt x 514.92375pt>
File: Drawing/AFM.pdf Graphic file (type pdf)
 <use Drawing/AFM.pdf>
Package pdftex.def Info: Drawing/AFM.pdf used on input line 410.
(pdftex.def)             Requested size: 375.80542pt x 306.01807pt.


Class pittetd Warning: The caption of Figure 15 is longer than one line on inpu
t line 411.


LaTeX Warning: `!h' float specifier changed to `!ht'.

<Drawing/Interaction.pdf, id=1653, 636.3775pt x 566.115pt>
File: Drawing/Interaction.pdf Graphic file (type pdf)

<use Drawing/Interaction.pdf>
Package pdftex.def Info: Drawing/Interaction.pdf used on input line 421.
(pdftex.def)             Requested size: 328.82706pt x 292.51564pt.


Class pittetd Warning: The caption of Figure 16 is longer than one line on inpu
t line 422.

[27]

LaTeX Warning: `!h' float specifier changed to `!ht'.


Underfull \vbox (badness 10000) has occurred while \output is active []

 [28 <./Drawing/AFM.pdf>]
Underfull \vbox (badness 10000) has occurred while \output is active []

 [29 <./Drawing/Interaction.pdf>]
<Drawing/ContactAFM.pdf, id=1714, 474.24878pt x 278.52657pt>
File: Drawing/ContactAFM.pdf Graphic file (type pdf)

<use Drawing/ContactAFM.pdf>
Package pdftex.def Info: Drawing/ContactAFM.pdf used on input line 434.
(pdftex.def)             Requested size: 281.85585pt x 165.54047pt.


Class pittetd Warning: The caption of Figure 17 is longer than one line on inpu
t line 435.


LaTeX Warning: Reference `' on page 30 undefined on input line 442.

[30 <./Drawing/ContactAFM.pdf>]
<Drawing/ACAFM.pdf, id=1807, 809.0225pt x 316.18124pt>
File: Drawing/ACAFM.pdf Graphic file (type pdf)
 <use Drawing/ACAFM.pdf>
Package pdftex.def Info: Drawing/ACAFM.pdf used on input line 446.
(pdftex.def)             Requested size: 469.75499pt x 183.5927pt.


Class pittetd Warning: The caption of Figure 18 is longer than one line on inpu
t line 447.

<Drawing/NonContactAFM.pdf, id=1809, 472.76625pt x 316.18124pt>
File: Drawing/NonContactAFM.pdf Graphic file (type pdf)

<use Drawing/NonContactAFM.pdf>
Package pdftex.def Info: Drawing/NonContactAFM.pdf used on input line 457.
(pdftex.def)             Requested size: 281.85585pt x 188.50407pt.


Class pittetd Warning: The caption of Figure 19 is longer than one line on inpu
t line 458.


LaTeX Warning: `!h' float specifier changed to `!ht'.


LaTeX Warning: Citation `hartmann1999magnetic' on page 31 undefined on input li
ne 464.


Underfull \vbox (badness 10000) has occurred while \output is active []

 [31 <./Drawing/ACAFM.pdf>] [32 <./Drawing/NonContactAFM.pdf>]
<Drawing/MFM.pdf, id=1994, 328.5896pt x 416.8905pt>
File: Drawing/MFM.pdf Graphic file (type pdf)
 <use Drawing/MFM.pdf>
Package pdftex.def Info: Drawing/MFM.pdf used on input line 481.
(pdftex.def)             Requested size: 234.87749pt x 298.00446pt.


Class pittetd Warning: The caption of Figure 20 is longer than one line on inpu
t line 482.


LaTeX Warning: `!h' float specifier changed to `!ht'.

[33]
Underfull \vbox (badness 10000) has occurred while \output is active []

 [34 <./Drawing/MFM.pdf>] <Drawing/PFM.pdf, id=2141, 581.50551pt x 554.07pt>
File: Drawing/PFM.pdf Graphic file (type pdf)

<use Drawing/PFM.pdf>
Package pdftex.def Info: Drawing/PFM.pdf used on input line 520.
(pdftex.def)             Requested size: 328.82706pt x 313.31223pt.


Class pittetd Warning: The caption of Figure 21 is longer than one line on inpu
t line 521.


LaTeX Warning: Reference `' on page 35 undefined on input line 530.

<Drawing/Lithography.pdf, id=2143, 1146.2825pt x 1606.0pt>
File: Drawing/Lithography.pdf Graphic file (type pdf)

<use Drawing/Lithography.pdf>
Package pdftex.def Info: Drawing/Lithography.pdf used on input line 534.
(pdftex.def)             Requested size: 375.80542pt x 526.52637pt.


Class pittetd Warning: The caption of Figure 22 is longer than one line on inpu
t line 535.


LaTeX Warning: Float too large for page by 30.67969pt on input line 537.


LaTeX Warning: Reference `' on page 35 undefined on input line 539.

[35] [36 <./Drawing/PFM.pdf>] [37 <./Drawing/Lithography.pdf>]
<Drawing/Regular.pdf, id=2409, 783.96385pt x 936.51082pt>
File: Drawing/Regular.pdf Graphic file (type pdf)

<use Drawing/Regular.pdf>
Package pdftex.def Info: Drawing/Regular.pdf used on input line 549.
(pdftex.def)             Requested size: 469.75499pt x 561.16774pt.


Class pittetd Warning: The caption of Figure 23 is longer than one line on inpu
t line 550.


LaTeX Warning: Float too large for page by 0.07106pt on input line 552.


LaTeX Warning: Citation `dean2010naturenano' on page 38 undefined on input line
 570.


LaTeX Warning: Citation `Novoselovaac9439' on page 38 undefined on input line 5
70.


LaTeX Warning: Citation `li2009transfer' on page 38 undefined on input line 570
.


LaTeX Warning: Citation `reina2008transferring' on page 38 undefined on input l
ine 570.


LaTeX Warning: Citation `reina2008large' on page 38 undefined on input line 570
.


Underfull \vbox (badness 10000) has occurred while \output is active []

 [38]
[39 <./Drawing/Regular.pdf>]
<Drawing/PMMATransfer.pdf, id=2482, 555.07375pt x 531.9875pt>
File: Drawing/PMMATransfer.pdf Graphic file (type pdf)

<use Drawing/PMMATransfer.pdf>
Package pdftex.def Info: Drawing/PMMATransfer.pdf used on input line 574.
(pdftex.def)             Requested size: 422.77661pt x 405.19951pt.


Class pittetd Warning: The caption of Figure 24 is longer than one line on inpu
t line 575.


LaTeX Warning: Citation `pirkle2011effect' on page 40 undefined on input line 5
79.


LaTeX Warning: Citation `lin2011graphene' on page 40 undefined on input line 57
9.


LaTeX Warning: Citation `cheng2011toward' on page 40 undefined on input line 57
9.


LaTeX Warning: Citation `lin2011graphene' on page 40 undefined on input line 57
9.


LaTeX Warning: Citation `cheng2011toward' on page 40 undefined on input line 57
9.


Underfull \hbox (badness 10000) in paragraph at lines 579--581

 []

<Drawing/PMMAResidue.png, id=2483, 292.9344pt x 222.5916pt>
File: Drawing/PMMAResidue.png Graphic file (type png)

<use Drawing/PMMAResidue.png>
Package pdftex.def Info: Drawing/PMMAResidue.png used on input line 584.
(pdftex.def)             Requested size: 281.85585pt x 214.19157pt.


Class pittetd Warning: The caption of Figure 25 is longer than one line on inpu
t line 585.


LaTeX Warning: `!h' float specifier changed to `!ht'.

[40] [41 <./Drawing/PMMATransfer.pdf>]

LaTeX Warning: Citation `arcella2005hyflon' on page 42 undefined on input line 
591.


LaTeX Warning: Citation `merlo2007membrane' on page 42 undefined on input line 
591.


LaTeX Warning: Citation `zhang2012recent' on page 42 undefined on input line 59
1.


LaTeX Warning: Citation `mattevi2012solution' on page 42 undefined on input lin
e 591.


Underfull \vbox (badness 10000) has occurred while \output is active []

 [42 <./Drawing/PMMAResidue.png>]
<Drawing/HyflonTransfer.pdf, id=2521, 831.105pt x 705.63625pt>
File: Drawing/HyflonTransfer.pdf Graphic file (type pdf)

<use Drawing/HyflonTransfer.pdf>
Package pdftex.def Info: Drawing/HyflonTransfer.pdf used on input line 599.
(pdftex.def)             Requested size: 469.75499pt x 398.83595pt.


Class pittetd Warning: The caption of Figure 26 is longer than one line on inpu
t line 600.

[43] [44 <./Drawing/HyflonTransfer.pdf>]
<Drawing/Transfer.pdf, id=2574, 1039.4434pt x 935.38356pt>
File: Drawing/Transfer.pdf Graphic file (type pdf)

<use Drawing/Transfer.pdf>
Package pdftex.def Info: Drawing/Transfer.pdf used on input line 616.
(pdftex.def)             Requested size: 469.75499pt x 422.71709pt.


Class pittetd Warning: The caption of Figure 27 is longer than one line on inpu
t line 617.

[45] [46 <./Drawing/Transfer.pdf>]
<Drawing/PreClean.pdf, id=2610, 1602.98875pt x 787.83336pt>
File: Drawing/PreClean.pdf Graphic file (type pdf)

<use Drawing/PreClean.pdf>
Package pdftex.def Info: Drawing/PreClean.pdf used on input line 629.
(pdftex.def)             Requested size: 469.75499pt x 230.87009pt.


Class pittetd Warning: The caption of Figure 28 is longer than one line on inpu
t line 630.

[47 <./Drawing/PreClean.pdf>]
<Drawing/GCO.pdf, id=2642, 796.00885pt x 942.53333pt>
File: Drawing/GCO.pdf Graphic file (type pdf)
 <use Drawing/GCO.pdf>
Package pdftex.def Info: Drawing/GCO.pdf used on input line 646.
(pdftex.def)             Requested size: 469.75499pt x 556.21928pt.


Class pittetd Warning: The caption of Figure 29 is longer than one line on inpu
t line 647.

[48] <Drawing/SampleContaminant.pdf, id=2649, 618.31pt x 1194.00081pt>
File: Drawing/SampleContaminant.pdf Graphic file (type pdf)

<use Drawing/SampleContaminant.pdf>
Package pdftex.def Info: Drawing/SampleContaminant.pdf used on input line 657.
(pdftex.def)             Requested size: 258.36667pt x 498.94449pt.


Class pittetd Warning: The caption of Figure 30 is longer than one line on inpu
t line 658.


LaTeX Warning: Float too large for page by 24.84781pt on input line 660.

<Drawing/RIEBeforeEtching.pdf, id=2652, 554.07pt x 481.8pt>
File: Drawing/RIEBeforeEtching.pdf Graphic file (type pdf)

<use Drawing/RIEBeforeEtching.pdf>
Package pdftex.def Info: Drawing/RIEBeforeEtching.pdf used on input line 664.
(pdftex.def)             Requested size: 234.87749pt x 204.23663pt.


Class pittetd Warning: The caption of Figure 31 is longer than one line on inpu
t line 665.


LaTeX Warning: `!h' float specifier changed to `!ht'.

[49] [50 <./Drawing/GCO.pdf>] [51 <./Drawing/SampleContaminant.pdf>]
<Drawing/RIETwoStep.pdf, id=2766, 533.995pt x 1074.0827pt>
File: Drawing/RIETwoStep.pdf Graphic file (type pdf)

<use Drawing/RIETwoStep.pdf>
Package pdftex.def Info: Drawing/RIETwoStep.pdf used on input line 701.
(pdftex.def)             Requested size: 234.87749pt x 472.43396pt.


Class pittetd Warning: The caption of Figure 32 is longer than one line on inpu
t line 702.


LaTeX Warning: Float too large for page by 41.83728pt on input line 704.

<Drawing/TwoStepEtching.pdf, id=2768, 764.8575pt x 553.06625pt>
File: Drawing/TwoStepEtching.pdf Graphic file (type pdf)

<use Drawing/TwoStepEtching.pdf>
Package pdftex.def Info: Drawing/TwoStepEtching.pdf used on input line 710.
(pdftex.def)             Requested size: 469.75499pt x 339.68224pt.


Class pittetd Warning: The caption of Figure 33 is longer than one line on inpu
t line 711.

[52 <./Drawing/RIEBeforeEtching.pdf>]

Class pittetd Warning: The caption of Table 5 is longer than one line on input 
line 730.


Class pittetd Warning: The caption of Table 6 is longer than one line on input 
line 744.

[53] [54 <./Drawing/RIETwoStep.pdf>] [55 <./Drawing/TwoStepEtching.pdf>]
[56]
Underfull \hbox (badness 10000) in paragraph at lines 754--756

 []

[57]
Chapter III.
[58

]
Chapter IV.
[59

]
Chapter V.
[60

]
Chapter VI.
[61

]
Chapter VII.
[62

]
BIBLIOGRAPHY
(./main.bbl)

Class pittetd Warning: Remember to run the document with `final' option.

\openout3 = `main.etd'.

Package atveryend Info: Empty hook `BeforeClearDocument' on input line 824.
[63

]
Package atveryend Info: Empty hook `AfterLastShipout' on input line 824.
 (./main.aux)
Package atveryend Info: Executing hook `AtVeryEndDocument' on input line 824.
Package atveryend Info: Executing hook `AtEndAfterFileList' on input line 824.
Package rerunfilecheck Info: File `main.out' has not changed.
(rerunfilecheck)             Checksum: 590C1991936990CFDCF875728281DE55;5911.


LaTeX Warning: There were undefined references.

Package atveryend Info: Empty hook `AtVeryVeryEnd' on input line 824.
 ) 
Here is how much of TeX's memory you used:
 6475 strings out of 493027
 94017 string characters out of 6134069
 216509 words of memory out of 5000000
 9720 multiletter control sequences out of 15000+600000
 8310 words of font info for 30 fonts, out of 8000000 for 9000
 1141 hyphenation exceptions out of 8191
 35i,15n,28p,1759b,395s stack positions out of 5000i,500n,10000p,200000b,80000s
</usr/local/texlive/2015/texmf-dist/fonts/type1/public/amsfonts/cm/cmbx12.pfb
></usr/local/texlive/2015/texmf-dist/fonts/type1/public/amsfonts/cm/cmex10.pfb>
</usr/local/texlive/2015/texmf-dist/fonts/type1/public/amsfonts/cm/cmmi12.pfb><
/usr/local/texlive/2015/texmf-dist/fonts/type1/public/amsfonts/cm/cmmi8.pfb></u
sr/local/texlive/2015/texmf-dist/fonts/type1/public/amsfonts/cm/cmr12.pfb></usr
/local/texlive/2015/texmf-dist/fonts/type1/public/amsfonts/cm/cmr17.pfb></usr/l
ocal/texlive/2015/texmf-dist/fonts/type1/public/amsfonts/cm/cmr8.pfb></usr/loca
l/texlive/2015/texmf-dist/fonts/type1/public/amsfonts/cm/cmsy10.pfb></usr/local
/texlive/2015/texmf-dist/fonts/type1/public/amsfonts/cm/cmsy8.pfb></usr/local/t
exlive/2015/texmf-dist/fonts/type1/public/amsfonts/cm/cmti12.pfb>
Output written on main.pdf (79 pages, 104682729 bytes).
PDF statistics:
 3000 PDF objects out of 3580 (max. 8388607)
 1953 compressed objects within 20 object streams
 198 named destinations out of 1000 (max. 500000)
 1102 words of extra memory for PDF output out of 10000 (max. 10000000)

