\BOOKMARK [0][]{prelim.0}{TITLE PAGE}{}
\BOOKMARK [0][]{prelim.1}{COMMITTEE MEMBERSHIP PAGE}{}
\BOOKMARK [0][]{prelim.2}{ABSTRACT}{}
\BOOKMARK [0][]{prelim.4}{TABLE OF CONTENTS}{}
\BOOKMARK [0][]{prelim.5}{LIST OF TABLES}{}\begingroup \makeatletter \prepare@bookmarks 5 \@input {main.lot} \endgroup 
\BOOKMARK [0][]{prelim.6}{LIST OF FIGURES}{}\begingroup \makeatletter \prepare@bookmarks 6 \@input {main.lof} \endgroup 
\BOOKMARK [0][]{Doc-Start}{PREFACE}{}% 1
\BOOKMARK [0][]{chapter.1}{I. INTRODUCTION}{}% 2
\BOOKMARK [1][]{section.1.1}{A. LAO/STO heterostructure}{chapter.1}% 3
\BOOKMARK [2][]{subsection.1.1.1}{1. STO}{section.1.1}% 4
\BOOKMARK [2][]{subsection.1.1.2}{2. LAO/STO interface}{section.1.1}% 5
\BOOKMARK [2][]{subsection.1.1.3}{3. Superconductivity}{section.1.1}% 6
\BOOKMARK [2][]{subsection.1.1.4}{4. Magnetism}{section.1.1}% 7
\BOOKMARK [1][]{section.1.2}{B. Graphene}{chapter.1}% 8
\BOOKMARK [1][]{section.1.3}{C. Dirac fermion}{chapter.1}% 9
\BOOKMARK [1][]{section.1.4}{D. Quantum Hall effect}{chapter.1}% 10
\BOOKMARK [0][]{chapter.2}{II. EXPERIMENTAL METHODS}{}% 11
\BOOKMARK [1][]{section.2.1}{A. Sample growth}{chapter.2}% 12
\BOOKMARK [2][]{subsection.2.1.1}{1. LAO/STO growth}{section.2.1}% 13
\BOOKMARK [3][]{subsubsection.2.1.1.1}{a. Pre-growth treatment}{subsection.2.1.1}% 14
\BOOKMARK [3][]{subsubsection.2.1.1.2}{b. PLD deposition}{subsection.2.1.1}% 15
\BOOKMARK [2][]{subsection.2.1.2}{2. Graphene growth}{section.2.1}% 16
\BOOKMARK [3][]{subsubsection.2.1.2.1}{a. Copper substrate preparation}{subsection.2.1.2}% 17
\BOOKMARK [3][]{subsubsection.2.1.2.2}{b. CVD growth}{subsection.2.1.2}% 18
\BOOKMARK [1][]{section.2.2}{B. LAO/STO sample processing}{chapter.2}% 19
\BOOKMARK [2][]{subsection.2.2.1}{1. Photolithography}{section.2.2}% 20
\BOOKMARK [3][]{subsubsection.2.2.1.1}{a. Spin-coating}{subsection.2.2.1}% 21
\BOOKMARK [3][]{subsubsection.2.2.1.2}{b. UV exposure}{subsection.2.2.1}% 22
\BOOKMARK [3][]{subsubsection.2.2.1.3}{c. Developing}{subsection.2.2.1}% 23
\BOOKMARK [2][]{subsection.2.2.2}{2. Ion milling}{section.2.2}% 24
\BOOKMARK [2][]{subsection.2.2.3}{3. Deposition}{section.2.2}% 25
\BOOKMARK [2][]{subsection.2.2.4}{4. Lift-off}{section.2.2}% 26
\BOOKMARK [2][]{subsection.2.2.5}{5. Oxygen plasma cleaning}{section.2.2}% 27
\BOOKMARK [1][]{section.2.3}{C. Atomic force microscope}{chapter.2}% 28
\BOOKMARK [2][]{subsection.2.3.1}{1. Working principle}{section.2.3}% 29
\BOOKMARK [2][]{subsection.2.3.2}{2. Contact mode}{section.2.3}% 30
\BOOKMARK [2][]{subsection.2.3.3}{3. AC mode}{section.2.3}% 31
\BOOKMARK [2][]{subsection.2.3.4}{4. Non-contact mode}{section.2.3}% 32
\BOOKMARK [2][]{subsection.2.3.5}{5. Magnetic force microscopy}{section.2.3}% 33
\BOOKMARK [2][]{subsection.2.3.6}{6. Piezoresponse force microscopy}{section.2.3}% 34
\BOOKMARK [2][]{subsection.2.3.7}{7. LAO/STO nano-device c-AFM lithography}{section.2.3}% 35
\BOOKMARK [1][]{section.2.4}{D. Electric signal measurement}{chapter.2}% 36
\BOOKMARK [2][]{subsection.2.4.1}{1. Lock-in amplifier}{section.2.4}% 37
\BOOKMARK [2][]{subsection.2.4.2}{2. Virtual lock-in}{section.2.4}% 38
\BOOKMARK [2][]{subsection.2.4.3}{3. IV-curve measurement}{section.2.4}% 39
\BOOKMARK [2][]{subsection.2.4.4}{4. Probe station}{section.2.4}% 40
\BOOKMARK [1][]{section.2.5}{E. Graphene/LAO/STO device fabrication}{chapter.2}% 41
\BOOKMARK [2][]{subsection.2.5.1}{1. Overview of the Hyflon transfer method}{section.2.5}% 42
\BOOKMARK [2][]{subsection.2.5.2}{2. Hyflon solution preparation and spin-coating}{section.2.5}% 43
\BOOKMARK [2][]{subsection.2.5.3}{3. Graphene preparation, copper etching and wet transfer}{section.2.5}% 44
\BOOKMARK [2][]{subsection.2.5.4}{4. Graphene/LAO/STO sample pattern}{section.2.5}% 45
\BOOKMARK [2][]{subsection.2.5.5}{5. Photolithography and etching}{section.2.5}% 46
\BOOKMARK [3][]{subsubsection.2.5.5.1}{a. One-step etching}{subsection.2.5.5}% 47
\BOOKMARK [3][]{figure.2.32}{b. Two-step etching}{subsection.2.5.5}% 48
\BOOKMARK [2][]{subsection.2.5.6}{6. Hyflon removal}{section.2.5}% 49
\BOOKMARK [3][]{subsubsection.2.5.6.1}{a. High temperature method}{subsection.2.5.6}% 50
\BOOKMARK [3][]{subsubsection.2.5.6.2}{b. Low temperature method}{subsection.2.5.6}% 51
\BOOKMARK [2][]{subsection.2.5.7}{7. AFM cleaning of graphene}{section.2.5}% 52
\BOOKMARK [2][]{subsection.2.5.8}{8. Graphene/LAO/STO nano-scale device lithography}{section.2.5}% 53
\BOOKMARK [2][]{subsection.2.5.9}{9. c-AFM lithography and PFM imaging}{section.2.5}% 54
\BOOKMARK [2][]{subsection.2.5.10}{10. More about the c-AFM writing conditions on graphene and damage thresholds}{section.2.5}% 55
\BOOKMARK [0][]{chapter.3}{III. GRAPHENE P-N JUNCTION EDGE-STATE ENGINEERING}{}% 56
\BOOKMARK [1][]{section.3.1}{A. Transport measurement in graphene}{chapter.3}% 57
\BOOKMARK [2][]{subsection.3.1.1}{1. Charge-neutrality point}{section.3.1}% 58
\BOOKMARK [2][]{subsection.3.1.2}{2. Temperature dependence}{section.3.1}% 59
\BOOKMARK [2][]{subsection.3.1.3}{3. Carrier densities and mobilities}{section.3.1}% 60
\BOOKMARK [2][]{subsection.3.1.4}{4. Quantum Hall effect in graphene}{section.3.1}% 61
\BOOKMARK [1][]{section.3.2}{B. p-n junction on graphene/LAO/STO}{chapter.3}% 62
\BOOKMARK [2][]{subsection.3.2.1}{1. Graphene edge channels and p-n junctions}{section.3.2}% 63
\BOOKMARK [2][]{subsection.3.2.2}{2. Fabricating p-n junction with c-AFM lithography}{section.3.2}% 64
\BOOKMARK [2][]{subsection.3.2.3}{3. Measurement and results}{section.3.2}% 65
\BOOKMARK [0][]{chapter.4}{IV. GRAPHENE/LAO/STO SUPERLATTICE DEVICE}{}% 66
\BOOKMARK [1][]{section.4.1}{A. Graphene band structure engineering with superlattice}{chapter.4}% 67
\BOOKMARK [1][]{section.4.2}{B. c-AFM lithography of graphene/LAO/STO superlattice}{chapter.4}% 68
\BOOKMARK [2][]{subsection.4.2.1}{1. Measurement and results}{section.4.2}% 69
\BOOKMARK [0][]{chapter.5}{V. MAGNETO-OPTICAL KERR EFFECT ON LAO/STO INTERFACE}{}% 70
\BOOKMARK [1][]{section.5.1}{A. Magnetism on LAO/STO interface}{chapter.5}% 71
\BOOKMARK [1][]{section.5.2}{B. MFM measurement}{chapter.5}% 72
\BOOKMARK [1][]{section.5.3}{C. Optical setup}{chapter.5}% 73
\BOOKMARK [1][]{section.5.4}{D. Results}{chapter.5}% 74
\BOOKMARK [0][]{chapter.6}{VI. OUTLOOK}{}% 75
\BOOKMARK [0][]{chapter.7}{VII. CONCLUSIONS}{}% 76
\BOOKMARK [0][]{section*.1}{BIBLIOGRAPHY}{}% 77
